<?xml version="1.0" encoding="UTF-8"?>
<!-- Generated by org.testng.reporters.JUnitReportReporter -->
<testsuite skipped="0" hostname="WINCTRL-DAP8OQC" name="com.pages.scripbox.BaseTest" tests="2" failures="0" timestamp="10 Jul 2019 18:46:10 GMT" time="9.251" errors="0">
  <testcase name="GoiBibo_Page" time="4.333" classname="com.pages.scripbox.BaseTest"/>
  <testcase name="verifyAscending" time="4.918" classname="com.pages.scripbox.BaseTest"/>
</testsuite> <!-- com.pages.scripbox.BaseTest -->
