<?xml version="1.0" encoding="UTF-8"?>
<!-- Generated by org.testng.reporters.JUnitReportReporter -->
<testsuite skipped="0" hostname="WINCTRL-DAP8OQC" name="com.Test.scripbox.BaseTest" tests="2" failures="0" timestamp="15 Jul 2019 19:44:44 GMT" time="38.989" errors="0">
  <testcase name="PositiveScenario" time="24.849" classname="com.Test.scripbox.BaseTest"/>
  <testcase name="InvalidSrc" time="14.140" classname="com.Test.scripbox.BaseTest"/>
</testsuite> <!-- com.Test.scripbox.BaseTest -->
